#
# There is insufficient memory for the Java Runtime Environment to continue.
# Native memory allocation (malloc) failed to allocate 1048576 bytes for AllocateHeap
# Possible reasons:
#   The system is out of physical RAM or swap space
#   In 32 bit mode, the process size limit was hit
# Possible solutions:
#   Reduce memory load on the system
#   Increase physical memory or swap space
#   Check if swap backing store is full
#   Use 64 bit Java on a 64 bit OS
#   Decrease Java heap size (-Xmx/-Xms)
#   Decrease number of Java threads
#   Decrease Java thread stack sizes (-Xss)
#   Set larger code cache with -XX:ReservedCodeCacheSize=
# This output file may be truncated or incomplete.
#
#  Out of Memory Error (memory/allocation.inline.hpp:61), pid=16512, tid=0x00000000000047d8
#
# JRE version:  (8.0_111-b14) (build )
# Java VM: Java HotSpot(TM) 64-Bit Server VM (25.111-b14 mixed mode windows-amd64 compressed oops)
# Failed to write core dump. Minidumps are not enabled by default on client versions of Windows
#

---------------  T H R E A D  ---------------

Current thread (0x0000000000b4e800):  JavaThread "Unknown thread" [_thread_in_vm, id=18392, stack(0x0000000002450000,0x0000000002550000)]

Stack: [0x0000000002450000,0x0000000002550000]
[error occurred during error reporting (printing stack bounds), id 0xc0000005]

Native frames: (J=compiled Java code, j=interpreted, Vv=VM code, C=native code)


---------------  P R O C E S S  ---------------

Java Threads: ( => current thread )

Other Threads:

=>0x0000000000b4e800 (exited) JavaThread "Unknown thread" [_thread_in_vm, id=18392, stack(0x0000000002450000,0x0000000002550000)]

VM state:not at safepoint (normal execution)

VM Mutex/Monitor currently owned by a thread: None

Heap:
 PSYoungGen      total 18944K, used 327K [0x00000000eb400000, 0x00000000ec900000, 0x0000000100000000)
  eden space 16384K, 2% used [0x00000000eb400000,0x00000000eb451ec8,0x00000000ec400000)
  from space 2560K, 0% used [0x00000000ec680000,0x00000000ec680000,0x00000000ec900000)
  to   space 2560K, 0% used [0x00000000ec400000,0x00000000ec400000,0x00000000ec680000)
 ParOldGen       total 44032K, used 0K [0x00000000c1c00000, 0x00000000c4700000, 0x00000000eb400000)
  object space 44032K, 0% used [0x00000000c1c00000,0x00000000c1c00000,0x00000000c4700000)
 Metaspace       used 770K, capacity 4480K, committed 4480K, reserved 1056768K
  class space    used 75K, capacity 384K, committed 384K, reserved 1048576K

Card table byte_map: [0x0000000011b10000,0x0000000011d10000] byte_map_base: 0x0000000011502000

Marking Bits: (ParMarkBitMap*) 0x000000006afda6c0
 Begin Bits: [0x0000000012660000, 0x00000000135f0000)
 End Bits:   [0x00000000135f0000, 0x0000000014580000)

Polling page: 0x0000000000bb0000

CodeCache: size=245760Kb used=328Kb max_used=328Kb free=245431Kb
 bounds [0x0000000002750000, 0x00000000029c0000, 0x0000000011750000]
 total_blobs=58 nmethods=0 adapters=38
 compilation: enabled

Compilation events (0 events):
No events

GC Heap History (0 events):
No events

Deoptimization events (0 events):
No events

Internal exceptions (0 events):
No events

Events (10 events):
Event: 1.457 loading class java/lang/Short
Event: 1.457 loading class java/lang/Short done
Event: 1.457 loading class java/lang/Integer
Event: 1.458 loading class java/lang/Integer done
Event: 1.458 loading class java/lang/Long
Event: 1.458 loading class java/lang/Long done
Event: 1.465 loading class java/lang/NullPointerException
Event: 1.509 loading class java/lang/NullPointerException done
Event: 1.509 loading class java/lang/ArithmeticException
Event: 1.509 loading class java/lang/ArithmeticException done


Dynamic libraries:
0x00007ff7dd870000 - 0x00007ff7dd8a7000 	C:\Program Files\Java\jdk1.8.0_111\bin\java.exe
0x00007ffcf1f70000 - 0x00007ffcf2165000 	C:\WINDOWS\SYSTEM32\ntdll.dll
0x00007ffcf1860000 - 0x00007ffcf191d000 	C:\WINDOWS\System32\KERNEL32.DLL
0x00007ffcef930000 - 0x00007ffcefbf7000 	C:\WINDOWS\System32\KERNELBASE.dll
0x00007ffcf1b90000 - 0x00007ffcf1c3a000 	C:\WINDOWS\System32\ADVAPI32.dll
0x00007ffcf1690000 - 0x00007ffcf172e000 	C:\WINDOWS\System32\msvcrt.dll
0x00007ffcf0e70000 - 0x00007ffcf0f0b000 	C:\WINDOWS\System32\sechost.dll
0x00007ffcf0330000 - 0x00007ffcf0454000 	C:\WINDOWS\System32\RPCRT4.dll
0x00007ffcf19f0000 - 0x00007ffcf1b90000 	C:\WINDOWS\System32\USER32.dll
0x00007ffceffa0000 - 0x00007ffceffc2000 	C:\WINDOWS\System32\win32u.dll
0x00007ffcf0bc0000 - 0x00007ffcf0bea000 	C:\WINDOWS\System32\GDI32.dll
0x00007ffcefe40000 - 0x00007ffceff49000 	C:\WINDOWS\System32\gdi32full.dll
0x00007ffcef6b0000 - 0x00007ffcef74d000 	C:\WINDOWS\System32\msvcp_win.dll
0x00007ffcefce0000 - 0x00007ffcefde0000 	C:\WINDOWS\System32\ucrtbase.dll
0x00007ffce1880000 - 0x00007ffce1b1b000 	C:\WINDOWS\WinSxS\amd64_microsoft.windows.common-controls_6595b64144ccf1df_6.0.19041.488_none_ca04af081b815d21\COMCTL32.dll
0x00007ffcf0dd0000 - 0x00007ffcf0e00000 	C:\WINDOWS\System32\IMM32.DLL
0x000000006b7c0000 - 0x000000006b892000 	C:\Program Files\Java\jdk1.8.0_111\jre\bin\msvcr100.dll
0x000000006a7c0000 - 0x000000006b05a000 	C:\Program Files\Java\jdk1.8.0_111\jre\bin\server\jvm.dll
0x00007ffcf0f10000 - 0x00007ffcf0f18000 	C:\WINDOWS\System32\PSAPI.DLL
0x00007ffcded40000 - 0x00007ffcded49000 	C:\WINDOWS\SYSTEM32\WSOCK32.dll
0x00007ffcf0e00000 - 0x00007ffcf0e6b000 	C:\WINDOWS\System32\WS2_32.dll
0x00007ffce4020000 - 0x00007ffce4047000 	C:\WINDOWS\SYSTEM32\WINMM.dll
0x00007ffce94e0000 - 0x00007ffce94ea000 	C:\WINDOWS\SYSTEM32\VERSION.dll
0x000000006cb50000 - 0x000000006cb5f000 	C:\Program Files\Java\jdk1.8.0_111\jre\bin\verify.dll
0x000000006b750000 - 0x000000006b779000 	C:\Program Files\Java\jdk1.8.0_111\jre\bin\java.dll
0x000000006b730000 - 0x000000006b746000 	C:\Program Files\Java\jdk1.8.0_111\jre\bin\zip.dll

VM Arguments:
jvm_args: -Dclassworlds.conf=C:\Program Files\NetBeans-12.0\netbeans\java\maven\bin\..\bin\m2.conf -Dmaven.home=C:\Program Files\NetBeans-12.0\netbeans\java\maven\bin\.. -Dlibrary.jansi.path=C:\Program Files\NetBeans-12.0\netbeans\java\maven\bin\..\lib\jansi-native -Dmaven.multiModuleProjectDirectory=D:\KULIAH\Algoritma\Tugas\Tugas03_pert4\Tugas03 
java_command: org.codehaus.plexus.classworlds.launcher.Launcher -Dmaven.ext.class.path=C:\Users\Feri Winarta\AppData\Roaming\NetBeans\12.0\maven-nblib\netbeans-eventspy.jar -Dfile.encoding=UTF-8 install
java_class_path (initial): C:\Program Files\NetBeans-12.0\netbeans\java\maven\bin\..\boot\plexus-classworlds-2.6.0.jar
Launcher Type: SUN_STANDARD

Environment Variables:
JAVA_HOME=C:\Program Files\Java\jdk1.8.0_111
PATH=C:\Program Files (x86)\Common Files\Oracle\Java\javapath;C:\ProgramData\Oracle\Java\javapath;C:\Program Files (x86)\Common Files\Intel\Shared Files\cpp\bin\Intel64;C:\Program Files (x86)\Intel\iCLS Client\;C:\Program Files\Intel\iCLS Client\;C:\Windows\system32;C:\Windows;C:\Windows\System32\Wbem;C:\Windows\System32\WindowsPowerShell\v1.0\;C:\Program Files (x86)\Intel\Intel(R) Management Engine Components\DAL;C:\Program Files\Intel\Intel(R) Management Engine Components\DAL;C:\Program Files (x86)\Intel\Intel(R) Management Engine Components\IPT;C:\Program Files\Intel\Intel(R) Management Engine Components\IPT;C:\Program Files (x86)\NVIDIA Corporation\PhysX\Common;C:\WINDOWS\system32;C:\WINDOWS;C:\WINDOWS\System32\Wbem;C:\WINDOWS\System32\WindowsPowerShell\v1.0\;C:\WINDOWS\System32\OpenSSH\;C:\Program Files\NVIDIA Corporation\NVIDIA NvDLISR;C:\Program Files\Microsoft VS Code\bin;C:\Program Files\Java\jdk1.8.0_111\bin;C:\Users\Feri Winarta\AppData\Local\Microsoft\WindowsApps;
USERNAME=Feri Winarta
OS=Windows_NT
PROCESSOR_IDENTIFIER=Intel64 Family 6 Model 142 Stepping 10, GenuineIntel



---------------  S Y S T E M  ---------------

OS: Windows 10.0 , 64 bit Build 19041 (10.0.19041.292)

CPU:total 8 (4 cores per cpu, 2 threads per core) family 6 model 142 stepping 10, cmov, cx8, fxsr, mmx, sse, sse2, sse3, ssse3, sse4.1, sse4.2, popcnt, avx, avx2, aes, clmul, erms, 3dnowpref, lzcnt, ht, tsc, tscinvbit, bmi1, bmi2, adx

Memory: 4k page, physical 4078220k(268728k free), swap 10770944k(680k free)

vm_info: Java HotSpot(TM) 64-Bit Server VM (25.111-b14) for windows-amd64 JRE (1.8.0_111-b14), built on Sep 22 2016 19:24:05 by "java_re" with MS VC++ 10.0 (VS2010)

time: Tue Oct 13 17:06:01 2020
elapsed time: 7 seconds (0d 0h 0m 7s)

