#
# There is insufficient memory for the Java Runtime Environment to continue.
# Native memory allocation (malloc) failed to allocate 32744 bytes for ChunkPool::allocate
# Possible reasons:
#   The system is out of physical RAM or swap space
#   In 32 bit mode, the process size limit was hit
# Possible solutions:
#   Reduce memory load on the system
#   Increase physical memory or swap space
#   Check if swap backing store is full
#   Use 64 bit Java on a 64 bit OS
#   Decrease Java heap size (-Xmx/-Xms)
#   Decrease number of Java threads
#   Decrease Java thread stack sizes (-Xss)
#   Set larger code cache with -XX:ReservedCodeCacheSize=
# This output file may be truncated or incomplete.
#
#  Out of Memory Error (allocation.cpp:273), pid=15532, tid=0x0000000000005478
#
# JRE version:  (8.0_111-b14) (build )
# Java VM: Java HotSpot(TM) 64-Bit Server VM (25.111-b14 mixed mode windows-amd64 compressed oops)
# Failed to write core dump. Minidumps are not enabled by default on client versions of Windows
#

---------------  T H R E A D  ---------------

Current thread (0x000000000225e000):  JavaThread "Unknown thread" [_thread_in_vm, id=21624, stack(0x0000000002260000,0x0000000002360000)]

Stack: [0x0000000002260000,0x0000000002360000]
Native frames: (J=compiled Java code, j=interpreted, Vv=VM code, C=native code)


---------------  P R O C E S S  ---------------

Java Threads: ( => current thread )

Other Threads:

=>0x000000000225e000 (exited) JavaThread "Unknown thread" [_thread_in_vm, id=21624, stack(0x0000000002260000,0x0000000002360000)]

VM state:not at safepoint (not fully initialized)

VM Mutex/Monitor currently owned by a thread: None

Deoptimization events (0 events):
No events

Internal exceptions (0 events):
No events

Events (0 events):
No events


Dynamic libraries:
0x00007ff6acd90000 - 0x00007ff6acdc7000 	C:\Program Files\Java\jdk1.8.0_111\bin\java.exe
0x00007ffe13990000 - 0x00007ffe13b85000 	C:\WINDOWS\SYSTEM32\ntdll.dll
0x00007ffe134b0000 - 0x00007ffe1356d000 	C:\WINDOWS\System32\KERNEL32.DLL
0x00007ffe11680000 - 0x00007ffe11947000 	C:\WINDOWS\System32\KERNELBASE.dll
0x00007ffe13570000 - 0x00007ffe1361a000 	C:\WINDOWS\System32\ADVAPI32.dll
0x00007ffe12040000 - 0x00007ffe120de000 	C:\WINDOWS\System32\msvcrt.dll
0x00007ffe12770000 - 0x00007ffe1280b000 	C:\WINDOWS\System32\sechost.dll
0x00007ffe119f0000 - 0x00007ffe11b14000 	C:\WINDOWS\System32\RPCRT4.dll
0x00007ffe11b20000 - 0x00007ffe11cc0000 	C:\WINDOWS\System32\USER32.dll
0x00007ffe11550000 - 0x00007ffe11572000 	C:\WINDOWS\System32\win32u.dll
0x00007ffe11d20000 - 0x00007ffe11d4a000 	C:\WINDOWS\System32\GDI32.dll
0x00007ffe11310000 - 0x00007ffe11419000 	C:\WINDOWS\System32\gdi32full.dll
0x00007ffe11950000 - 0x00007ffe119ed000 	C:\WINDOWS\System32\msvcp_win.dll
0x00007ffe11580000 - 0x00007ffe11680000 	C:\WINDOWS\System32\ucrtbase.dll
0x00007ffdfd660000 - 0x00007ffdfd8fb000 	C:\WINDOWS\WinSxS\amd64_microsoft.windows.common-controls_6595b64144ccf1df_6.0.19041.488_none_ca04af081b815d21\COMCTL32.dll
0x00007ffe11d60000 - 0x00007ffe11d90000 	C:\WINDOWS\System32\IMM32.DLL
0x0000000069770000 - 0x0000000069842000 	C:\Program Files\Java\jdk1.8.0_111\jre\bin\msvcr100.dll
0x0000000069850000 - 0x000000006a0ea000 	C:\Program Files\Java\jdk1.8.0_111\jre\bin\server\jvm.dll
0x00007ffe11d50000 - 0x00007ffe11d58000 	C:\WINDOWS\System32\PSAPI.DLL
0x00007ffdfc120000 - 0x00007ffdfc129000 	C:\WINDOWS\SYSTEM32\WSOCK32.dll
0x00007ffe12580000 - 0x00007ffe125eb000 	C:\WINDOWS\System32\WS2_32.dll
0x00007ffdff730000 - 0x00007ffdff757000 	C:\WINDOWS\SYSTEM32\WINMM.dll
0x00007ffe0a320000 - 0x00007ffe0a32a000 	C:\WINDOWS\SYSTEM32\VERSION.dll
0x000000006bb70000 - 0x000000006bb7f000 	C:\Program Files\Java\jdk1.8.0_111\jre\bin\verify.dll
0x0000000069700000 - 0x0000000069729000 	C:\Program Files\Java\jdk1.8.0_111\jre\bin\java.dll

VM Arguments:
jvm_args: -Dclassworlds.conf=C:\Program Files\NetBeans-12.0\netbeans\java\maven\bin\..\bin\m2.conf -Dmaven.home=C:\Program Files\NetBeans-12.0\netbeans\java\maven\bin\.. -Dlibrary.jansi.path=C:\Program Files\NetBeans-12.0\netbeans\java\maven\bin\..\lib\jansi-native -Dmaven.multiModuleProjectDirectory=D:\KULIAH\Algoritma\Tugas\tugas02 
java_command: org.codehaus.plexus.classworlds.launcher.Launcher -Dmaven.ext.class.path=C:\Users\Feri Winarta\AppData\Roaming\NetBeans\12.0\maven-nblib\netbeans-eventspy.jar -Dfile.encoding=UTF-8 install
java_class_path (initial): C:\Program Files\NetBeans-12.0\netbeans\java\maven\bin\..\boot\plexus-classworlds-2.6.0.jar
Launcher Type: SUN_STANDARD

Environment Variables:
JAVA_HOME=C:\Program Files\Java\jdk1.8.0_111
PATH=C:\Program Files (x86)\Common Files\Oracle\Java\javapath;C:\ProgramData\Oracle\Java\javapath;C:\Program Files (x86)\Common Files\Intel\Shared Files\cpp\bin\Intel64;C:\Program Files (x86)\Intel\iCLS Client\;C:\Program Files\Intel\iCLS Client\;C:\Windows\system32;C:\Windows;C:\Windows\System32\Wbem;C:\Windows\System32\WindowsPowerShell\v1.0\;C:\Program Files (x86)\Intel\Intel(R) Management Engine Components\DAL;C:\Program Files\Intel\Intel(R) Management Engine Components\DAL;C:\Program Files (x86)\Intel\Intel(R) Management Engine Components\IPT;C:\Program Files\Intel\Intel(R) Management Engine Components\IPT;C:\Program Files (x86)\NVIDIA Corporation\PhysX\Common;C:\WINDOWS\system32;C:\WINDOWS;C:\WINDOWS\System32\Wbem;C:\WINDOWS\System32\WindowsPowerShell\v1.0\;C:\WINDOWS\System32\OpenSSH\;C:\Program Files\NVIDIA Corporation\NVIDIA NvDLISR;C:\Program Files\Microsoft VS Code\bin;C:\Program Files\Java\jdk1.8.0_111\bin;C:\Users\Feri Winarta\AppData\Local\Microsoft\WindowsApps;
USERNAME=Feri Winarta
OS=Windows_NT
PROCESSOR_IDENTIFIER=Intel64 Family 6 Model 142 Stepping 10, GenuineIntel



---------------  S Y S T E M  ---------------

OS: Windows 10.0 , 64 bit Build 19041 (10.0.19041.292)

CPU:total 8 

Memory: 4k page, physical 4078220k(110448k free), swap 16661132k(3784k free)

vm_info: Java HotSpot(TM) 64-Bit Server VM (25.111-b14) for windows-amd64 JRE (1.8.0_111-b14), built on Sep 22 2016 19:24:05 by "java_re" with MS VC++ 10.0 (VS2010)

time: Fri Sep 25 01:09:58 2020
elapsed time: 12 seconds (0d 0h 0m 12s)

