#
# There is insufficient memory for the Java Runtime Environment to continue.
# Native memory allocation (malloc) failed to allocate 32744 bytes for ChunkPool::allocate
# Possible reasons:
#   The system is out of physical RAM or swap space
#   In 32 bit mode, the process size limit was hit
# Possible solutions:
#   Reduce memory load on the system
#   Increase physical memory or swap space
#   Check if swap backing store is full
#   Use 64 bit Java on a 64 bit OS
#   Decrease Java heap size (-Xmx/-Xms)
#   Decrease number of Java threads
#   Decrease Java thread stack sizes (-Xss)
#   Set larger code cache with -XX:ReservedCodeCacheSize=
# This output file may be truncated or incomplete.
#
#  Out of Memory Error (allocation.cpp:273), pid=13132, tid=0x0000000000003a6c
#
# JRE version: Java(TM) SE Runtime Environment (8.0_111-b14) (build 1.8.0_111-b14)
# Java VM: Java HotSpot(TM) 64-Bit Server VM (25.111-b14 mixed mode windows-amd64 compressed oops)
# Failed to write core dump. Minidumps are not enabled by default on client versions of Windows
#

---------------  T H R E A D  ---------------

Current thread (0x0000000017ae0000):  JavaThread "C1 CompilerThread3" daemon [_thread_in_native, id=14956, stack(0x0000000018560000,0x0000000018660000)]

Stack: [0x0000000018560000,0x0000000018660000]
[error occurred during error reporting (printing stack bounds), id 0xc0000005]

Native frames: (J=compiled Java code, j=interpreted, Vv=VM code, C=native code)


Current CompileTask:
C1: 141895  425  s    3       org.fusesource.jansi.AnsiPrintStream::filter (948 bytes)


---------------  P R O C E S S  ---------------

Java Threads: ( => current thread )
  0x0000000017aee000 JavaThread "Service Thread" daemon [_thread_blocked, id=15000, stack(0x0000000018660000,0x0000000018760000)]
=>0x0000000017ae0000 JavaThread "C1 CompilerThread3" daemon [_thread_in_native, id=14956, stack(0x0000000018560000,0x0000000018660000)]
  0x0000000017ada800 JavaThread "C2 CompilerThread2" daemon [_thread_blocked, id=14924, stack(0x0000000018460000,0x0000000018560000)]
  0x0000000017ad7800 JavaThread "C2 CompilerThread1" daemon [_thread_blocked, id=14892, stack(0x0000000018360000,0x0000000018460000)]
  0x0000000017a7b800 JavaThread "C2 CompilerThread0" daemon [_thread_in_vm, id=14868, stack(0x0000000018260000,0x0000000018360000)]
  0x0000000017a78800 JavaThread "Attach Listener" daemon [_thread_blocked, id=14864, stack(0x0000000018160000,0x0000000018260000)]
  0x0000000017a77000 JavaThread "Signal Dispatcher" daemon [_thread_blocked, id=14860, stack(0x0000000018060000,0x0000000018160000)]
  0x0000000017a70800 JavaThread "Finalizer" daemon [_thread_blocked, id=14248, stack(0x0000000017e50000,0x0000000017f50000)]
  0x0000000015b6d000 JavaThread "Reference Handler" daemon [_thread_blocked, id=14244, stack(0x0000000017950000,0x0000000017a50000)]
  0x000000000122e000 JavaThread "main" [_thread_blocked, id=13544, stack(0x0000000002f20000,0x0000000003020000)]

Other Threads:
  0x0000000015b68800 VMThread [stack: 0x0000000017850000,0x0000000017950000] [id=13992]
  0x0000000017ae6800 WatcherThread [stack: 0x0000000018760000,0x0000000018860000] [id=15036]

VM state:synchronizing (normal execution)

VM Mutex/Monitor currently owned by a thread:  ([mutex/lock_event])
[0x000000000122d060] Threads_lock - owner thread: 0x0000000015b68800

Heap:
 PSYoungGen      total 18944K, used 12943K [0x00000000eb400000, 0x00000000ec900000, 0x0000000100000000)
  eden space 16384K, 79% used [0x00000000eb400000,0x00000000ec0a3e08,0x00000000ec400000)
  from space 2560K, 0% used [0x00000000ec680000,0x00000000ec680000,0x00000000ec900000)
  to   space 2560K, 0% used [0x00000000ec400000,0x00000000ec400000,0x00000000ec680000)
 ParOldGen       total 44032K, used 0K [0x00000000c1c00000, 0x00000000c4700000, 0x00000000eb400000)
  object space 44032K, 0% used [0x00000000c1c00000,0x00000000c1c00000,0x00000000c4700000)
 Metaspace       used 6137K, capacity 6268K, committed 6400K, reserved 1056768K
  class space    used 685K, capacity 728K, committed 768K, reserved 1048576K

Card table byte_map: [0x00000000124f0000,0x00000000126f0000] byte_map_base: 0x0000000011ee2000

Marking Bits: (ParMarkBitMap*) 0x000000006a06a6c0
 Begin Bits: [0x0000000013040000, 0x0000000013fd0000)
 End Bits:   [0x0000000013fd0000, 0x0000000014f60000)

Polling page: 0x0000000002df0000

CodeCache: size=245760Kb used=2250Kb max_used=2261Kb free=243510Kb
 bounds [0x0000000003130000, 0x00000000033a0000, 0x0000000012130000]
 total_blobs=725 nmethods=432 adapters=206
 compilation: enabled

Compilation events (10 events):
Event: 49.665 Thread 0x0000000017ae0000 nmethod 419 0x0000000003360610 code [0x00000000033607a0, 0x0000000003360c98]
Event: 49.665 Thread 0x0000000017ae0000  422   !   3       java.nio.CharBuffer::wrap (20 bytes)
Event: 49.666 Thread 0x0000000017ae0000 nmethod 422 0x0000000003360e10 code [0x0000000003360fa0, 0x0000000003361378]
Event: 49.666 Thread 0x0000000017ae0000  423       3       java.nio.HeapCharBuffer::<init> (14 bytes)
Event: 49.666 Thread 0x0000000017ae0000 nmethod 423 0x0000000003361610 code [0x0000000003361780, 0x00000000033619c8]
Event: 49.666 Thread 0x0000000017ae0000  420       3       java.io.BufferedOutputStream::flushBuffer (29 bytes)
Event: 49.666 Thread 0x0000000017ae0000 nmethod 420 0x0000000003361b10 code [0x0000000003361c80, 0x0000000003361f08]
Event: 49.666 Thread 0x0000000017ae0000  421       3       java.io.OutputStream::flush (1 bytes)
Event: 49.666 Thread 0x0000000017ae0000 nmethod 421 0x0000000003361fd0 code [0x0000000003362120, 0x0000000003362270]
Event: 49.666 Thread 0x0000000017ae0000  425  s    3       org.fusesource.jansi.AnsiPrintStream::filter (948 bytes)

GC Heap History (0 events):
No events

Deoptimization events (1 events):
Event: 49.575 Thread 0x000000000122e000 Uncommon trap: reason=unstable_if action=reinterpret pc=0x00000000032a5088 method=java.lang.String.indexOf([CII[CIII)I @ 3

Internal exceptions (10 events):
Event: 2.354 Thread 0x000000000122e000 Exception <a 'java/lang/NoSuchMethodError': Method sun.misc.Unsafe.defineClass(Ljava/lang/String;[BII)Ljava/lang/Class; name or signature does not match> (0x00000000eb407c78) thrown at [C:\re\workspace\8-2-build-windows-amd64-cygwin\jdk8u111\7883\hotspot\
Event: 2.354 Thread 0x000000000122e000 Exception <a 'java/lang/NoSuchMethodError': Method sun.misc.Unsafe.prefetchRead(Ljava/lang/Object;J)V name or signature does not match> (0x00000000eb407f60) thrown at [C:\re\workspace\8-2-build-windows-amd64-cygwin\jdk8u111\7883\hotspot\src\share\vm\prims
Event: 28.801 Thread 0x000000000122e000 Exception <a 'java/security/PrivilegedActionException'> (0x00000000eb847958) thrown at [C:\re\workspace\8-2-build-windows-amd64-cygwin\jdk8u111\7883\hotspot\src\share\vm\prims\jvm.cpp, line 1386]
Event: 28.801 Thread 0x000000000122e000 Exception <a 'java/security/PrivilegedActionException'> (0x00000000eb847b68) thrown at [C:\re\workspace\8-2-build-windows-amd64-cygwin\jdk8u111\7883\hotspot\src\share\vm\prims\jvm.cpp, line 1386]
Event: 28.802 Thread 0x000000000122e000 Exception <a 'java/security/PrivilegedActionException'> (0x00000000eb84bc38) thrown at [C:\re\workspace\8-2-build-windows-amd64-cygwin\jdk8u111\7883\hotspot\src\share\vm\prims\jvm.cpp, line 1386]
Event: 28.802 Thread 0x000000000122e000 Exception <a 'java/security/PrivilegedActionException'> (0x00000000eb84be48) thrown at [C:\re\workspace\8-2-build-windows-amd64-cygwin\jdk8u111\7883\hotspot\src\share\vm\prims\jvm.cpp, line 1386]
Event: 49.659 Thread 0x000000000122e000 Exception <a 'java/lang/OutOfMemoryError'> (0x00000000ec0132f8) thrown at [C:\re\workspace\8-2-build-windows-amd64-cygwin\jdk8u111\7883\hotspot\src\share\vm\prims\jni.cpp, line 735]
Event: 49.659 Thread 0x000000000122e000 Exception <a 'java/lang/OutOfMemoryError'> (0x00000000ec0132f8) thrown at [C:\re\workspace\8-2-build-windows-amd64-cygwin\jdk8u111\7883\hotspot\src\share\vm\prims\jvm.cpp, line 1390]
Event: 49.659 Thread 0x000000000122e000 Exception <a 'java/lang/OutOfMemoryError'> (0x00000000ec0132f8) thrown at [C:\re\workspace\8-2-build-windows-amd64-cygwin\jdk8u111\7883\hotspot\src\share\vm\oops\instanceKlass.cpp, line 964]
Event: 49.659 Thread 0x000000000122e000 Exception <a 'java/lang/reflect/InvocationTargetException'> (0x00000000ec0136e8) thrown at [C:\re\workspace\8-2-build-windows-amd64-cygwin\jdk8u111\7883\hotspot\src\share\vm\runtime\reflection.cpp, line 1092]

Events (10 events):
Event: 49.652 loading class com/google/inject/internal/Initializable
Event: 49.652 loading class com/google/inject/internal/Initializable done
Event: 49.653 loading class com/google/inject/internal/CycleDetectingLock$CycleDetectingLockFactory
Event: 49.653 loading class com/google/inject/internal/CycleDetectingLock$CycleDetectingLockFactory done
Event: 49.654 loading class com/google/common/collect/Multimap
Event: 49.654 loading class com/google/common/collect/Multimap done
Event: 49.655 loading class com/google/inject/internal/CycleDetectingLock
Event: 49.655 loading class com/google/inject/internal/CycleDetectingLock done
Event: 49.656 loading class com/google/common/collect/Maps
Event: 49.656 loading class com/google/common/collect/Maps done


Dynamic libraries:
0x00007ff6acd90000 - 0x00007ff6acdc7000 	C:\Program Files\Java\jdk1.8.0_111\bin\java.exe
0x00007ffe13990000 - 0x00007ffe13b85000 	C:\WINDOWS\SYSTEM32\ntdll.dll
0x00007ffe134b0000 - 0x00007ffe1356d000 	C:\WINDOWS\System32\KERNEL32.DLL
0x00007ffe11680000 - 0x00007ffe11947000 	C:\WINDOWS\System32\KERNELBASE.dll
0x00007ffe13570000 - 0x00007ffe1361a000 	C:\WINDOWS\System32\ADVAPI32.dll
0x00007ffe12040000 - 0x00007ffe120de000 	C:\WINDOWS\System32\msvcrt.dll
0x00007ffe12770000 - 0x00007ffe1280b000 	C:\WINDOWS\System32\sechost.dll
0x00007ffe119f0000 - 0x00007ffe11b14000 	C:\WINDOWS\System32\RPCRT4.dll
0x00007ffe11b20000 - 0x00007ffe11cc0000 	C:\WINDOWS\System32\USER32.dll
0x00007ffe11550000 - 0x00007ffe11572000 	C:\WINDOWS\System32\win32u.dll
0x00007ffe11d20000 - 0x00007ffe11d4a000 	C:\WINDOWS\System32\GDI32.dll
0x00007ffe11310000 - 0x00007ffe11419000 	C:\WINDOWS\System32\gdi32full.dll
0x00007ffe11950000 - 0x00007ffe119ed000 	C:\WINDOWS\System32\msvcp_win.dll
0x00007ffe11580000 - 0x00007ffe11680000 	C:\WINDOWS\System32\ucrtbase.dll
0x00007ffdfd660000 - 0x00007ffdfd8fb000 	C:\WINDOWS\WinSxS\amd64_microsoft.windows.common-controls_6595b64144ccf1df_6.0.19041.488_none_ca04af081b815d21\COMCTL32.dll
0x00007ffe11d60000 - 0x00007ffe11d90000 	C:\WINDOWS\System32\IMM32.DLL
0x0000000069770000 - 0x0000000069842000 	C:\Program Files\Java\jdk1.8.0_111\jre\bin\msvcr100.dll
0x0000000069850000 - 0x000000006a0ea000 	C:\Program Files\Java\jdk1.8.0_111\jre\bin\server\jvm.dll
0x00007ffe11d50000 - 0x00007ffe11d58000 	C:\WINDOWS\System32\PSAPI.DLL
0x00007ffdfc120000 - 0x00007ffdfc129000 	C:\WINDOWS\SYSTEM32\WSOCK32.dll
0x00007ffdff730000 - 0x00007ffdff757000 	C:\WINDOWS\SYSTEM32\WINMM.dll
0x00007ffe12580000 - 0x00007ffe125eb000 	C:\WINDOWS\System32\WS2_32.dll
0x00007ffe0a320000 - 0x00007ffe0a32a000 	C:\WINDOWS\SYSTEM32\VERSION.dll
0x000000006bb70000 - 0x000000006bb7f000 	C:\Program Files\Java\jdk1.8.0_111\jre\bin\verify.dll
0x0000000069700000 - 0x0000000069729000 	C:\Program Files\Java\jdk1.8.0_111\jre\bin\java.dll
0x00000000696e0000 - 0x00000000696f6000 	C:\Program Files\Java\jdk1.8.0_111\jre\bin\zip.dll
0x00007ffe12d60000 - 0x00007ffe134a1000 	C:\WINDOWS\System32\SHELL32.dll
0x00007ffe0ee60000 - 0x00007ffe0f5f3000 	C:\WINDOWS\SYSTEM32\windows.storage.dll
0x00007ffe12220000 - 0x00007ffe12575000 	C:\WINDOWS\System32\combase.dll
0x00007ffe10b40000 - 0x00007ffe10b6c000 	C:\WINDOWS\SYSTEM32\Wldp.dll
0x00007ffe12170000 - 0x00007ffe1221e000 	C:\WINDOWS\System32\SHCORE.dll
0x00007ffe11cc0000 - 0x00007ffe11d15000 	C:\WINDOWS\System32\shlwapi.dll
0x00007ffe11000000 - 0x00007ffe11026000 	C:\WINDOWS\SYSTEM32\profapi.dll
0x00007ffdfe300000 - 0x00007ffdfe30a000 	C:\Program Files\NetBeans-12.0\netbeans\java\maven\lib\jansi-native\windows64\jansi.dll

VM Arguments:
jvm_args: -Dclassworlds.conf=C:\Program Files\NetBeans-12.0\netbeans\java\maven\bin\..\bin\m2.conf -Dmaven.home=C:\Program Files\NetBeans-12.0\netbeans\java\maven\bin\.. -Dlibrary.jansi.path=C:\Program Files\NetBeans-12.0\netbeans\java\maven\bin\..\lib\jansi-native -Dmaven.multiModuleProjectDirectory=D:\KULIAH\Algoritma\Tugas\tugas02 
java_command: org.codehaus.plexus.classworlds.launcher.Launcher -Dmaven.ext.class.path=C:\Users\Feri Winarta\AppData\Roaming\NetBeans\12.0\maven-nblib\netbeans-eventspy.jar -Dfile.encoding=UTF-8 install
java_class_path (initial): C:\Program Files\NetBeans-12.0\netbeans\java\maven\bin\..\boot\plexus-classworlds-2.6.0.jar
Launcher Type: SUN_STANDARD

Environment Variables:
JAVA_HOME=C:\Program Files\Java\jdk1.8.0_111
PATH=C:\Program Files (x86)\Common Files\Oracle\Java\javapath;C:\ProgramData\Oracle\Java\javapath;C:\Program Files (x86)\Common Files\Intel\Shared Files\cpp\bin\Intel64;C:\Program Files (x86)\Intel\iCLS Client\;C:\Program Files\Intel\iCLS Client\;C:\Windows\system32;C:\Windows;C:\Windows\System32\Wbem;C:\Windows\System32\WindowsPowerShell\v1.0\;C:\Program Files (x86)\Intel\Intel(R) Management Engine Components\DAL;C:\Program Files\Intel\Intel(R) Management Engine Components\DAL;C:\Program Files (x86)\Intel\Intel(R) Management Engine Components\IPT;C:\Program Files\Intel\Intel(R) Management Engine Components\IPT;C:\Program Files (x86)\NVIDIA Corporation\PhysX\Common;C:\WINDOWS\system32;C:\WINDOWS;C:\WINDOWS\System32\Wbem;C:\WINDOWS\System32\WindowsPowerShell\v1.0\;C:\WINDOWS\System32\OpenSSH\;C:\Program Files\NVIDIA Corporation\NVIDIA NvDLISR;C:\Program Files\Microsoft VS Code\bin;C:\Program Files\Java\jdk1.8.0_111\bin;C:\Users\Feri Winarta\AppData\Local\Microsoft\WindowsApps;
USERNAME=Feri Winarta
OS=Windows_NT
PROCESSOR_IDENTIFIER=Intel64 Family 6 Model 142 Stepping 10, GenuineIntel



---------------  S Y S T E M  ---------------

OS: Windows 10.0 , 64 bit Build 19041 (10.0.19041.292)

CPU:total 8 (4 cores per cpu, 2 threads per core) family 6 model 142 stepping 10, cmov, cx8, fxsr, mmx, sse, sse2, sse3, ssse3, sse4.1, sse4.2, popcnt, avx, avx2, aes, clmul, erms, 3dnowpref, lzcnt, ht, tsc, tscinvbit, bmi1, bmi2, adx

Memory: 4k page, physical 4078220k(662720k free), swap 11658476k(2622680k free)

vm_info: Java HotSpot(TM) 64-Bit Server VM (25.111-b14) for windows-amd64 JRE (1.8.0_111-b14), built on Sep 22 2016 19:24:05 by "java_re" with MS VC++ 10.0 (VS2010)

time: Fri Sep 25 01:11:25 2020
elapsed time: 142 seconds (0d 0h 2m 22s)

