#
# There is insufficient memory for the Java Runtime Environment to continue.
# Native memory allocation (malloc) failed to allocate 32744 bytes for ChunkPool::allocate
# Possible reasons:
#   The system is out of physical RAM or swap space
#   In 32 bit mode, the process size limit was hit
# Possible solutions:
#   Reduce memory load on the system
#   Increase physical memory or swap space
#   Check if swap backing store is full
#   Use 64 bit Java on a 64 bit OS
#   Decrease Java heap size (-Xmx/-Xms)
#   Decrease number of Java threads
#   Decrease Java thread stack sizes (-Xss)
#   Set larger code cache with -XX:ReservedCodeCacheSize=
# This output file may be truncated or incomplete.
#
#  Out of Memory Error (allocation.cpp:273), pid=16336, tid=0x0000000000005020
#
# JRE version: Java(TM) SE Runtime Environment (8.0_111-b14) (build 1.8.0_111-b14)
# Java VM: Java HotSpot(TM) 64-Bit Server VM (25.111-b14 mixed mode windows-amd64 compressed oops)
# Failed to write core dump. Minidumps are not enabled by default on client versions of Windows
#

---------------  T H R E A D  ---------------

Current thread (0x0000000016cac800):  JavaThread "C2 CompilerThread0" daemon [_thread_in_native, id=20512, stack(0x0000000017490000,0x0000000017590000)]

Stack: [0x0000000017490000,0x0000000017590000]
[error occurred during error reporting (printing stack bounds), id 0xc0000005]

Native frames: (J=compiled Java code, j=interpreted, Vv=VM code, C=native code)


Current CompileTask:
C2:  55384  120       4       java.lang.String::hashCode (55 bytes)


---------------  P R O C E S S  ---------------

Java Threads: ( => current thread )
  0x00000000020fe000 JavaThread "DestroyJavaVM" [_thread_blocked, id=16444, stack(0x0000000002140000,0x0000000002240000)]
  0x0000000016d44000 JavaThread "Service Thread" daemon [_thread_blocked, id=20736, stack(0x0000000017890000,0x0000000017990000)]
  0x0000000016cbc800 JavaThread "C1 CompilerThread3" daemon [_thread_in_native, id=20632, stack(0x0000000017790000,0x0000000017890000)]
  0x0000000016cb1800 JavaThread "C2 CompilerThread2" daemon [_thread_blocked, id=20600, stack(0x0000000017690000,0x0000000017790000)]
  0x0000000016cae800 JavaThread "C2 CompilerThread1" daemon [_thread_blocked, id=20556, stack(0x0000000017590000,0x0000000017690000)]
=>0x0000000016cac800 JavaThread "C2 CompilerThread0" daemon [_thread_in_native, id=20512, stack(0x0000000017490000,0x0000000017590000)]
  0x0000000016caa000 JavaThread "Attach Listener" daemon [_thread_blocked, id=20508, stack(0x0000000017390000,0x0000000017490000)]
  0x0000000016ca9000 JavaThread "Signal Dispatcher" daemon [_thread_blocked, id=16300, stack(0x0000000017290000,0x0000000017390000)]
  0x0000000016ca0800 JavaThread "Finalizer" daemon [_thread_blocked, id=18304, stack(0x0000000017080000,0x0000000017180000)]
  0x000000000234a800 JavaThread "Reference Handler" daemon [_thread_blocked, id=18228, stack(0x0000000016b80000,0x0000000016c80000)]

Other Threads:
  0x0000000014d98800 VMThread [stack: 0x0000000016a80000,0x0000000016b80000] [id=17996]
  0x0000000016cc3000 WatcherThread [stack: 0x0000000000620000,0x0000000000720000] [id=21528]

VM state:not at safepoint (normal execution)

VM Mutex/Monitor currently owned by a thread: None

Heap:
 PSYoungGen      total 18944K, used 2633K [0x00000000eb400000, 0x00000000ec900000, 0x0000000100000000)
  eden space 16384K, 16% used [0x00000000eb400000,0x00000000eb6925c0,0x00000000ec400000)
  from space 2560K, 0% used [0x00000000ec680000,0x00000000ec680000,0x00000000ec900000)
  to   space 2560K, 0% used [0x00000000ec400000,0x00000000ec400000,0x00000000ec680000)
 ParOldGen       total 44032K, used 0K [0x00000000c1c00000, 0x00000000c4700000, 0x00000000eb400000)
  object space 44032K, 0% used [0x00000000c1c00000,0x00000000c1c00000,0x00000000c4700000)
 Metaspace       used 3358K, capacity 4672K, committed 4864K, reserved 1056768K
  class space    used 370K, capacity 428K, committed 512K, reserved 1048576K

Card table byte_map: [0x0000000011720000,0x0000000011920000] byte_map_base: 0x0000000011112000

Marking Bits: (ParMarkBitMap*) 0x000000006a06a6c0
 Begin Bits: [0x0000000012270000, 0x0000000013200000)
 End Bits:   [0x0000000013200000, 0x0000000014190000)

Polling page: 0x00000000020e0000

CodeCache: size=245760Kb used=1282Kb max_used=1285Kb free=244477Kb
 bounds [0x0000000002360000, 0x00000000025d0000, 0x0000000011360000]
 total_blobs=364 nmethods=119 adapters=158
 compilation: enabled

Compilation events (10 events):
Event: 46.818 Thread 0x0000000016cbc800  116       3       java.util.concurrent.ConcurrentHashMap::spread (10 bytes)
Event: 46.818 Thread 0x0000000016cbc800 nmethod 116 0x000000000249f8d0 code [0x000000000249fa20, 0x000000000249fb70]
Event: 46.819 Thread 0x0000000016cbc800  117       3       java.nio.charset.CharsetEncoder::maxBytesPerChar (5 bytes)
Event: 46.819 Thread 0x0000000016cbc800 nmethod 117 0x000000000249f5d0 code [0x000000000249f720, 0x000000000249f870]
Event: 46.819 Thread 0x0000000016cbc800  118       3       java.util.zip.ZipFile::ensureOpen (37 bytes)
Event: 46.819 Thread 0x0000000016cbc800 nmethod 118 0x000000000249ef50 code [0x000000000249f0e0, 0x000000000249f458]
Event: 46.819 Thread 0x0000000016cbc800  119       1       java.net.URL::getPort (5 bytes)
Event: 46.819 Thread 0x0000000016cbc800 nmethod 119 0x000000000249ec90 code [0x000000000249ede0, 0x000000000249eef0]
Event: 46.846 Thread 0x0000000016cac800  120       4       java.lang.String::hashCode (55 bytes)
Event: 46.848 Thread 0x0000000016cbc800  121       3       java.io.WinNTFileSystem::normalize (231 bytes)

GC Heap History (0 events):
No events

Deoptimization events (0 events):
No events

Internal exceptions (2 events):
Event: 10.342 Thread 0x00000000020fe000 Exception <a 'java/lang/NoSuchMethodError': Method sun.misc.Unsafe.defineClass(Ljava/lang/String;[BII)Ljava/lang/Class; name or signature does not match> (0x00000000eb407c78) thrown at [C:\re\workspace\8-2-build-windows-amd64-cygwin\jdk8u111\7883\hotspot\
Event: 10.342 Thread 0x00000000020fe000 Exception <a 'java/lang/NoSuchMethodError': Method sun.misc.Unsafe.prefetchRead(Ljava/lang/Object;J)V name or signature does not match> (0x00000000eb407f60) thrown at [C:\re\workspace\8-2-build-windows-amd64-cygwin\jdk8u111\7883\hotspot\src\share\vm\prims

Events (10 events):
Event: 45.020 loading class org/apache/maven/toolchain/building/ToolchainsBuildingRequest
Event: 45.020 loading class org/apache/maven/toolchain/building/ToolchainsBuildingRequest done
Event: 45.021 loading class org/eclipse/aether/transfer/TransferListener
Event: 45.021 loading class org/eclipse/aether/transfer/TransferListener done
Event: 46.228 loading class org/apache/maven/execution/ExecutionListener
Event: 46.228 loading class org/apache/maven/execution/ExecutionListener done
Event: 46.817 loading class java/lang/IllegalStateException
Event: 46.817 loading class java/lang/IllegalStateException done
Event: 46.817 loading class org/codehaus/plexus/logging/LoggerManager
Event: 46.817 loading class org/codehaus/plexus/logging/LoggerManager done


Dynamic libraries:
0x00007ff6acd90000 - 0x00007ff6acdc7000 	C:\Program Files\Java\jdk1.8.0_111\bin\java.exe
0x00007ffe13990000 - 0x00007ffe13b85000 	C:\WINDOWS\SYSTEM32\ntdll.dll
0x00007ffe134b0000 - 0x00007ffe1356d000 	C:\WINDOWS\System32\KERNEL32.DLL
0x00007ffe11680000 - 0x00007ffe11947000 	C:\WINDOWS\System32\KERNELBASE.dll
0x00007ffe13570000 - 0x00007ffe1361a000 	C:\WINDOWS\System32\ADVAPI32.dll
0x00007ffe12040000 - 0x00007ffe120de000 	C:\WINDOWS\System32\msvcrt.dll
0x00007ffe12770000 - 0x00007ffe1280b000 	C:\WINDOWS\System32\sechost.dll
0x00007ffe119f0000 - 0x00007ffe11b14000 	C:\WINDOWS\System32\RPCRT4.dll
0x00007ffe11b20000 - 0x00007ffe11cc0000 	C:\WINDOWS\System32\USER32.dll
0x00007ffe11550000 - 0x00007ffe11572000 	C:\WINDOWS\System32\win32u.dll
0x00007ffe11d20000 - 0x00007ffe11d4a000 	C:\WINDOWS\System32\GDI32.dll
0x00007ffe11310000 - 0x00007ffe11419000 	C:\WINDOWS\System32\gdi32full.dll
0x00007ffe11950000 - 0x00007ffe119ed000 	C:\WINDOWS\System32\msvcp_win.dll
0x00007ffe11580000 - 0x00007ffe11680000 	C:\WINDOWS\System32\ucrtbase.dll
0x00007ffdfd660000 - 0x00007ffdfd8fb000 	C:\WINDOWS\WinSxS\amd64_microsoft.windows.common-controls_6595b64144ccf1df_6.0.19041.488_none_ca04af081b815d21\COMCTL32.dll
0x00007ffe11d60000 - 0x00007ffe11d90000 	C:\WINDOWS\System32\IMM32.DLL
0x0000000069770000 - 0x0000000069842000 	C:\Program Files\Java\jdk1.8.0_111\jre\bin\msvcr100.dll
0x0000000069850000 - 0x000000006a0ea000 	C:\Program Files\Java\jdk1.8.0_111\jre\bin\server\jvm.dll
0x00007ffe11d50000 - 0x00007ffe11d58000 	C:\WINDOWS\System32\PSAPI.DLL
0x00007ffdfc120000 - 0x00007ffdfc129000 	C:\WINDOWS\SYSTEM32\WSOCK32.dll
0x00007ffdff730000 - 0x00007ffdff757000 	C:\WINDOWS\SYSTEM32\WINMM.dll
0x00007ffe0a320000 - 0x00007ffe0a32a000 	C:\WINDOWS\SYSTEM32\VERSION.dll
0x00007ffe12580000 - 0x00007ffe125eb000 	C:\WINDOWS\System32\WS2_32.dll
0x000000006bb70000 - 0x000000006bb7f000 	C:\Program Files\Java\jdk1.8.0_111\jre\bin\verify.dll
0x0000000069700000 - 0x0000000069729000 	C:\Program Files\Java\jdk1.8.0_111\jre\bin\java.dll
0x00000000696e0000 - 0x00000000696f6000 	C:\Program Files\Java\jdk1.8.0_111\jre\bin\zip.dll
0x00007ffe12d60000 - 0x00007ffe134a1000 	C:\WINDOWS\System32\SHELL32.dll
0x00007ffe0ee60000 - 0x00007ffe0f5f3000 	C:\WINDOWS\SYSTEM32\windows.storage.dll
0x00007ffe12220000 - 0x00007ffe12575000 	C:\WINDOWS\System32\combase.dll
0x00007ffe10b40000 - 0x00007ffe10b6c000 	C:\WINDOWS\SYSTEM32\Wldp.dll
0x00007ffe12170000 - 0x00007ffe1221e000 	C:\WINDOWS\System32\SHCORE.dll
0x00007ffe11cc0000 - 0x00007ffe11d15000 	C:\WINDOWS\System32\shlwapi.dll
0x00007ffe11000000 - 0x00007ffe11026000 	C:\WINDOWS\SYSTEM32\profapi.dll

VM Arguments:
jvm_args: -Dclassworlds.conf=C:\Program Files\NetBeans-12.0\netbeans\java\maven\bin\..\bin\m2.conf -Dmaven.home=C:\Program Files\NetBeans-12.0\netbeans\java\maven\bin\.. -Dlibrary.jansi.path=C:\Program Files\NetBeans-12.0\netbeans\java\maven\bin\..\lib\jansi-native -Dmaven.multiModuleProjectDirectory=D:\KULIAH\Algoritma\Tugas\tugas02 
java_command: org.codehaus.plexus.classworlds.launcher.Launcher -Dmaven.ext.class.path=C:\Users\Feri Winarta\AppData\Roaming\NetBeans\12.0\maven-nblib\netbeans-eventspy.jar -Dfile.encoding=UTF-8 install
java_class_path (initial): C:\Program Files\NetBeans-12.0\netbeans\java\maven\bin\..\boot\plexus-classworlds-2.6.0.jar
Launcher Type: SUN_STANDARD

Environment Variables:
JAVA_HOME=C:\Program Files\Java\jdk1.8.0_111
PATH=C:\Program Files (x86)\Common Files\Oracle\Java\javapath;C:\ProgramData\Oracle\Java\javapath;C:\Program Files (x86)\Common Files\Intel\Shared Files\cpp\bin\Intel64;C:\Program Files (x86)\Intel\iCLS Client\;C:\Program Files\Intel\iCLS Client\;C:\Windows\system32;C:\Windows;C:\Windows\System32\Wbem;C:\Windows\System32\WindowsPowerShell\v1.0\;C:\Program Files (x86)\Intel\Intel(R) Management Engine Components\DAL;C:\Program Files\Intel\Intel(R) Management Engine Components\DAL;C:\Program Files (x86)\Intel\Intel(R) Management Engine Components\IPT;C:\Program Files\Intel\Intel(R) Management Engine Components\IPT;C:\Program Files (x86)\NVIDIA Corporation\PhysX\Common;C:\WINDOWS\system32;C:\WINDOWS;C:\WINDOWS\System32\Wbem;C:\WINDOWS\System32\WindowsPowerShell\v1.0\;C:\WINDOWS\System32\OpenSSH\;C:\Program Files\NVIDIA Corporation\NVIDIA NvDLISR;C:\Program Files\Microsoft VS Code\bin;C:\Program Files\Java\jdk1.8.0_111\bin;C:\Users\Feri Winarta\AppData\Local\Microsoft\WindowsApps;
USERNAME=Feri Winarta
OS=Windows_NT
PROCESSOR_IDENTIFIER=Intel64 Family 6 Model 142 Stepping 10, GenuineIntel



---------------  S Y S T E M  ---------------

OS: Windows 10.0 , 64 bit Build 19041 (10.0.19041.292)

CPU:total 8 (4 cores per cpu, 2 threads per core) family 6 model 142 stepping 10, cmov, cx8, fxsr, mmx, sse, sse2, sse3, ssse3, sse4.1, sse4.2, popcnt, avx, avx2, aes, clmul, erms, 3dnowpref, lzcnt, ht, tsc, tscinvbit, bmi1, bmi2, adx

Memory: 4k page, physical 4078220k(80928k free), swap 16661132k(17512k free)

vm_info: Java HotSpot(TM) 64-Bit Server VM (25.111-b14) for windows-amd64 JRE (1.8.0_111-b14), built on Sep 22 2016 19:24:05 by "java_re" with MS VC++ 10.0 (VS2010)

time: Fri Sep 25 01:10:07 2020
elapsed time: 55 seconds (0d 0h 0m 55s)

