#
# There is insufficient memory for the Java Runtime Environment to continue.
# Native memory allocation (malloc) failed to allocate 16384 bytes for AllocateHeap
# Possible reasons:
#   The system is out of physical RAM or swap space
#   In 32 bit mode, the process size limit was hit
# Possible solutions:
#   Reduce memory load on the system
#   Increase physical memory or swap space
#   Check if swap backing store is full
#   Use 64 bit Java on a 64 bit OS
#   Decrease Java heap size (-Xmx/-Xms)
#   Decrease number of Java threads
#   Decrease Java thread stack sizes (-Xss)
#   Set larger code cache with -XX:ReservedCodeCacheSize=
# This output file may be truncated or incomplete.
#
#  Out of Memory Error (memory/allocation.inline.hpp:61), pid=12700, tid=0x00000000000034ec
#
# JRE version: Java(TM) SE Runtime Environment (8.0_111-b14) (build 1.8.0_111-b14)
# Java VM: Java HotSpot(TM) 64-Bit Server VM (25.111-b14 mixed mode windows-amd64 compressed oops)
# Failed to write core dump. Minidumps are not enabled by default on client versions of Windows
#

---------------  T H R E A D  ---------------

Current thread (0x000000000112e000):  JavaThread "main" [_thread_in_vm, id=13548, stack(0x00000000028f0000,0x00000000029f0000)]

Stack: [0x00000000028f0000,0x00000000029f0000]
[error occurred during error reporting (printing stack bounds), id 0xc0000005]

Native frames: (J=compiled Java code, j=interpreted, Vv=VM code, C=native code)

Java frames: (J=compiled Java code, j=interpreted, Vv=VM code)
j  com.google.inject.internal.CycleDetectingLock$CycleDetectingLockFactory.<clinit>()V+0
v  ~StubRoutines::call_stub
j  com.google.inject.internal.Initializer.<init>()V+10
j  com.google.inject.internal.InternalInjectorCreator.<init>()V+31
j  com.google.inject.Guice.createInjector(Lcom/google/inject/Stage;Ljava/lang/Iterable;)Lcom/google/inject/Injector;+4
j  com.google.inject.Guice.createInjector(Ljava/lang/Iterable;)Lcom/google/inject/Injector;+4
j  com.google.inject.Guice.createInjector([Lcom/google/inject/Module;)Lcom/google/inject/Injector;+4
j  org.codehaus.plexus.DefaultPlexusContainer.addPlexusInjector(Ljava/util/List;[Lcom/google/inject/Module;)Lcom/google/inject/Injector;+88
j  org.codehaus.plexus.DefaultPlexusContainer.<init>(Lorg/codehaus/plexus/ContainerConfiguration;[Lcom/google/inject/Module;)V+396
j  org.apache.maven.cli.MavenCli.container(Lorg/apache/maven/cli/CliRequest;)Lorg/codehaus/plexus/PlexusContainer;+275
j  org.apache.maven.cli.MavenCli.doMain(Lorg/apache/maven/cli/CliRequest;)I+29
j  org.apache.maven.cli.MavenCli.main([Ljava/lang/String;Lorg/codehaus/plexus/classworlds/ClassWorld;)I+24
v  ~StubRoutines::call_stub
j  sun.reflect.NativeMethodAccessorImpl.invoke0(Ljava/lang/reflect/Method;Ljava/lang/Object;[Ljava/lang/Object;)Ljava/lang/Object;+0
j  sun.reflect.NativeMethodAccessorImpl.invoke(Ljava/lang/Object;[Ljava/lang/Object;)Ljava/lang/Object;+100
j  sun.reflect.DelegatingMethodAccessorImpl.invoke(Ljava/lang/Object;[Ljava/lang/Object;)Ljava/lang/Object;+6
j  java.lang.reflect.Method.invoke(Ljava/lang/Object;[Ljava/lang/Object;)Ljava/lang/Object;+56
j  org.codehaus.plexus.classworlds.launcher.Launcher.launchEnhanced([Ljava/lang/String;)V+45
j  org.codehaus.plexus.classworlds.launcher.Launcher.launch([Ljava/lang/String;)V+2
j  org.codehaus.plexus.classworlds.launcher.Launcher.mainWithExitCode([Ljava/lang/String;)I+101
j  org.codehaus.plexus.classworlds.launcher.Launcher.main([Ljava/lang/String;)V+1
v  ~StubRoutines::call_stub

---------------  P R O C E S S  ---------------

Java Threads: ( => current thread )
  0x000000001755e000 JavaThread "Service Thread" daemon [_thread_blocked, id=16088, stack(0x00000000180d0000,0x00000000181d0000)]
  0x000000001755d000 JavaThread "C1 CompilerThread3" daemon [_thread_blocked, id=16044, stack(0x0000000017fd0000,0x00000000180d0000)]
  0x0000000017557000 JavaThread "C2 CompilerThread2" daemon [_thread_blocked, id=16024, stack(0x0000000017ed0000,0x0000000017fd0000)]
  0x00000000174fd800 JavaThread "C2 CompilerThread1" daemon [_thread_blocked, id=15984, stack(0x0000000017dd0000,0x0000000017ed0000)]
  0x00000000174fb800 JavaThread "C2 CompilerThread0" daemon [_thread_blocked, id=15952, stack(0x0000000017cd0000,0x0000000017dd0000)]
  0x00000000174f8800 JavaThread "Attach Listener" daemon [_thread_blocked, id=15948, stack(0x0000000017bd0000,0x0000000017cd0000)]
  0x00000000155fe000 JavaThread "Signal Dispatcher" daemon [_thread_blocked, id=15944, stack(0x0000000017ad0000,0x0000000017bd0000)]
  0x00000000174f0800 JavaThread "Finalizer" daemon [_thread_blocked, id=14832, stack(0x00000000178d0000,0x00000000179d0000)]
  0x00000000155ed000 JavaThread "Reference Handler" daemon [_thread_blocked, id=14820, stack(0x00000000173d0000,0x00000000174d0000)]
=>0x000000000112e000 JavaThread "main" [_thread_in_vm, id=13548, stack(0x00000000028f0000,0x00000000029f0000)]

Other Threads:
  0x00000000155e8800 VMThread [stack: 0x00000000172d0000,0x00000000173d0000] [id=14648]
  0x0000000017565800 WatcherThread [stack: 0x00000000181d0000,0x00000000182d0000] [id=16128]

VM state:synchronizing (normal execution)

VM Mutex/Monitor currently owned by a thread:  ([mutex/lock_event])
[0x000000000112d260] SystemDictionary_lock - owner thread: 0x000000000112e000
[0x000000000112cfe0] Threads_lock - owner thread: 0x00000000155e8800
[0x0000000002ad0ed0] Compile_lock - owner thread: 0x000000000112e000

Heap:
 PSYoungGen      total 18944K, used 12705K [0x00000000eb400000, 0x00000000ec900000, 0x0000000100000000)
  eden space 16384K, 77% used [0x00000000eb400000,0x00000000ec068738,0x00000000ec400000)
  from space 2560K, 0% used [0x00000000ec680000,0x00000000ec680000,0x00000000ec900000)
  to   space 2560K, 0% used [0x00000000ec400000,0x00000000ec400000,0x00000000ec680000)
 ParOldGen       total 44032K, used 0K [0x00000000c1c00000, 0x00000000c4700000, 0x00000000eb400000)
  object space 44032K, 0% used [0x00000000c1c00000,0x00000000c1c00000,0x00000000c4700000)
 Metaspace       used 6176K, capacity 6364K, committed 6400K, reserved 1056768K
  class space    used 691K, capacity 760K, committed 768K, reserved 1048576K

Card table byte_map: [0x0000000011f90000,0x0000000012190000] byte_map_base: 0x0000000011982000

Marking Bits: (ParMarkBitMap*) 0x000000006a06a6c0
 Begin Bits: [0x0000000012ae0000, 0x0000000013a70000)
 End Bits:   [0x0000000013a70000, 0x0000000014a00000)

Polling page: 0x0000000001110000

CodeCache: size=245760Kb used=2225Kb max_used=2225Kb free=243534Kb
 bounds [0x0000000002bd0000, 0x0000000002e40000, 0x0000000011bd0000]
 total_blobs=696 nmethods=403 adapters=206
 compilation: enabled

Compilation events (10 events):
Event: 49.643 Thread 0x000000001755d000  398       3       sun.net.www.protocol.file.Handler::hostsEqual (69 bytes)
Event: 49.644 Thread 0x000000001755d000 nmethod 398 0x0000000002dfb450 code [0x0000000002dfb600, 0x0000000002dfbd68]
Event: 49.673 Thread 0x000000001755d000  399       3       java.util.zip.ZipFile$ZipFileInflaterInputStream::fill (80 bytes)
Event: 49.673 Thread 0x000000001755d000 nmethod 399 0x0000000002df87d0 code [0x0000000002df8980, 0x0000000002df8da8]
Event: 49.673 Thread 0x000000001755d000  400   !   3       java.util.zip.ZipFile$ZipFileInputStream::read (131 bytes)
Event: 49.674 Thread 0x000000001755d000 nmethod 400 0x0000000002dfbf10 code [0x0000000002dfc0e0, 0x0000000002dfc968]
Event: 49.674 Thread 0x000000001755d000  401       3       java.util.zip.ZipFile::access$1300 (5 bytes)
Event: 49.674 Thread 0x000000001755d000 nmethod 401 0x0000000002dfced0 code [0x0000000002dfd040, 0x0000000002dfd2a8]
Event: 49.674 Thread 0x000000001755d000  402       3       java.util.zip.ZipFile::ensureOpenOrZipException (18 bytes)
Event: 49.675 Thread 0x000000001755d000 nmethod 402 0x0000000002dfd3d0 code [0x0000000002dfd540, 0x0000000002dfd768]

GC Heap History (0 events):
No events

Deoptimization events (1 events):
Event: 49.593 Thread 0x000000000112e000 Uncommon trap: reason=unstable_if action=reinterpret pc=0x0000000002d51f08 method=java.lang.String.indexOf([CII[CIII)I @ 3

Internal exceptions (6 events):
Event: 3.964 Thread 0x000000000112e000 Exception <a 'java/lang/NoSuchMethodError': Method sun.misc.Unsafe.defineClass(Ljava/lang/String;[BII)Ljava/lang/Class; name or signature does not match> (0x00000000eb407c78) thrown at [C:\re\workspace\8-2-build-windows-amd64-cygwin\jdk8u111\7883\hotspot\
Event: 3.964 Thread 0x000000000112e000 Exception <a 'java/lang/NoSuchMethodError': Method sun.misc.Unsafe.prefetchRead(Ljava/lang/Object;J)V name or signature does not match> (0x00000000eb407f60) thrown at [C:\re\workspace\8-2-build-windows-amd64-cygwin\jdk8u111\7883\hotspot\src\share\vm\prims
Event: 28.799 Thread 0x000000000112e000 Exception <a 'java/security/PrivilegedActionException'> (0x00000000eb847770) thrown at [C:\re\workspace\8-2-build-windows-amd64-cygwin\jdk8u111\7883\hotspot\src\share\vm\prims\jvm.cpp, line 1386]
Event: 28.799 Thread 0x000000000112e000 Exception <a 'java/security/PrivilegedActionException'> (0x00000000eb847980) thrown at [C:\re\workspace\8-2-build-windows-amd64-cygwin\jdk8u111\7883\hotspot\src\share\vm\prims\jvm.cpp, line 1386]
Event: 28.800 Thread 0x000000000112e000 Exception <a 'java/security/PrivilegedActionException'> (0x00000000eb84ba50) thrown at [C:\re\workspace\8-2-build-windows-amd64-cygwin\jdk8u111\7883\hotspot\src\share\vm\prims\jvm.cpp, line 1386]
Event: 28.800 Thread 0x000000000112e000 Exception <a 'java/security/PrivilegedActionException'> (0x00000000eb84bc60) thrown at [C:\re\workspace\8-2-build-windows-amd64-cygwin\jdk8u111\7883\hotspot\src\share\vm\prims\jvm.cpp, line 1386]

Events (10 events):
Event: 49.668 loading class com/google/common/base/Function
Event: 49.668 loading class com/google/common/base/Function done
Event: 49.669 loading class com/google/common/collect/Maps$BiMapConverter
Event: 49.669 loading class com/google/common/collect/Maps$BiMapConverter done
Event: 49.696 loading class com/google/common/collect/ImmutableMap
Event: 49.696 loading class com/google/common/collect/ImmutableMap done
Event: 49.699 loading class com/google/common/collect/ImmutableEnumMap
Event: 49.699 loading class com/google/common/collect/ImmutableEnumMap done
Event: 49.699 loading class com/google/common/collect/ImmutableMap$IteratorBasedImmutableMap
Event: 49.699 loading class com/google/common/collect/ImmutableMap$IteratorBasedImmutableMap done


Dynamic libraries:
0x00007ff6acd90000 - 0x00007ff6acdc7000 	C:\Program Files\Java\jdk1.8.0_111\bin\java.exe
0x00007ffe13990000 - 0x00007ffe13b85000 	C:\WINDOWS\SYSTEM32\ntdll.dll
0x00007ffe134b0000 - 0x00007ffe1356d000 	C:\WINDOWS\System32\KERNEL32.DLL
0x00007ffe11680000 - 0x00007ffe11947000 	C:\WINDOWS\System32\KERNELBASE.dll
0x00007ffe13570000 - 0x00007ffe1361a000 	C:\WINDOWS\System32\ADVAPI32.dll
0x00007ffe12040000 - 0x00007ffe120de000 	C:\WINDOWS\System32\msvcrt.dll
0x00007ffe12770000 - 0x00007ffe1280b000 	C:\WINDOWS\System32\sechost.dll
0x00007ffe119f0000 - 0x00007ffe11b14000 	C:\WINDOWS\System32\RPCRT4.dll
0x00007ffe11b20000 - 0x00007ffe11cc0000 	C:\WINDOWS\System32\USER32.dll
0x00007ffe11550000 - 0x00007ffe11572000 	C:\WINDOWS\System32\win32u.dll
0x00007ffe11d20000 - 0x00007ffe11d4a000 	C:\WINDOWS\System32\GDI32.dll
0x00007ffe11310000 - 0x00007ffe11419000 	C:\WINDOWS\System32\gdi32full.dll
0x00007ffe11950000 - 0x00007ffe119ed000 	C:\WINDOWS\System32\msvcp_win.dll
0x00007ffe11580000 - 0x00007ffe11680000 	C:\WINDOWS\System32\ucrtbase.dll
0x00007ffdfd660000 - 0x00007ffdfd8fb000 	C:\WINDOWS\WinSxS\amd64_microsoft.windows.common-controls_6595b64144ccf1df_6.0.19041.488_none_ca04af081b815d21\COMCTL32.dll
0x00007ffe11d60000 - 0x00007ffe11d90000 	C:\WINDOWS\System32\IMM32.DLL
0x0000000069770000 - 0x0000000069842000 	C:\Program Files\Java\jdk1.8.0_111\jre\bin\msvcr100.dll
0x0000000069850000 - 0x000000006a0ea000 	C:\Program Files\Java\jdk1.8.0_111\jre\bin\server\jvm.dll
0x00007ffe11d50000 - 0x00007ffe11d58000 	C:\WINDOWS\System32\PSAPI.DLL
0x00007ffdfc120000 - 0x00007ffdfc129000 	C:\WINDOWS\SYSTEM32\WSOCK32.dll
0x00007ffdff730000 - 0x00007ffdff757000 	C:\WINDOWS\SYSTEM32\WINMM.dll
0x00007ffe0a320000 - 0x00007ffe0a32a000 	C:\WINDOWS\SYSTEM32\VERSION.dll
0x00007ffe12580000 - 0x00007ffe125eb000 	C:\WINDOWS\System32\WS2_32.dll
0x000000006bb70000 - 0x000000006bb7f000 	C:\Program Files\Java\jdk1.8.0_111\jre\bin\verify.dll
0x0000000069700000 - 0x0000000069729000 	C:\Program Files\Java\jdk1.8.0_111\jre\bin\java.dll
0x00000000696e0000 - 0x00000000696f6000 	C:\Program Files\Java\jdk1.8.0_111\jre\bin\zip.dll
0x00007ffe12d60000 - 0x00007ffe134a1000 	C:\WINDOWS\System32\SHELL32.dll
0x00007ffe0ee60000 - 0x00007ffe0f5f3000 	C:\WINDOWS\SYSTEM32\windows.storage.dll
0x00007ffe12220000 - 0x00007ffe12575000 	C:\WINDOWS\System32\combase.dll
0x00007ffe10b40000 - 0x00007ffe10b6c000 	C:\WINDOWS\SYSTEM32\Wldp.dll
0x00007ffe12170000 - 0x00007ffe1221e000 	C:\WINDOWS\System32\SHCORE.dll
0x00007ffe11cc0000 - 0x00007ffe11d15000 	C:\WINDOWS\System32\shlwapi.dll
0x00007ffe11000000 - 0x00007ffe11026000 	C:\WINDOWS\SYSTEM32\profapi.dll
0x00007ffdfe300000 - 0x00007ffdfe30a000 	C:\Program Files\NetBeans-12.0\netbeans\java\maven\lib\jansi-native\windows64\jansi.dll

VM Arguments:
jvm_args: -Dclassworlds.conf=C:\Program Files\NetBeans-12.0\netbeans\java\maven\bin\..\bin\m2.conf -Dmaven.home=C:\Program Files\NetBeans-12.0\netbeans\java\maven\bin\.. -Dlibrary.jansi.path=C:\Program Files\NetBeans-12.0\netbeans\java\maven\bin\..\lib\jansi-native -Dmaven.multiModuleProjectDirectory=D:\KULIAH\Algoritma\Tugas\tugas02 
java_command: org.codehaus.plexus.classworlds.launcher.Launcher -Dmaven.ext.class.path=C:\Users\Feri Winarta\AppData\Roaming\NetBeans\12.0\maven-nblib\netbeans-eventspy.jar -Dfile.encoding=UTF-8 install
java_class_path (initial): C:\Program Files\NetBeans-12.0\netbeans\java\maven\bin\..\boot\plexus-classworlds-2.6.0.jar
Launcher Type: SUN_STANDARD

Environment Variables:
JAVA_HOME=C:\Program Files\Java\jdk1.8.0_111
PATH=C:\Program Files (x86)\Common Files\Oracle\Java\javapath;C:\ProgramData\Oracle\Java\javapath;C:\Program Files (x86)\Common Files\Intel\Shared Files\cpp\bin\Intel64;C:\Program Files (x86)\Intel\iCLS Client\;C:\Program Files\Intel\iCLS Client\;C:\Windows\system32;C:\Windows;C:\Windows\System32\Wbem;C:\Windows\System32\WindowsPowerShell\v1.0\;C:\Program Files (x86)\Intel\Intel(R) Management Engine Components\DAL;C:\Program Files\Intel\Intel(R) Management Engine Components\DAL;C:\Program Files (x86)\Intel\Intel(R) Management Engine Components\IPT;C:\Program Files\Intel\Intel(R) Management Engine Components\IPT;C:\Program Files (x86)\NVIDIA Corporation\PhysX\Common;C:\WINDOWS\system32;C:\WINDOWS;C:\WINDOWS\System32\Wbem;C:\WINDOWS\System32\WindowsPowerShell\v1.0\;C:\WINDOWS\System32\OpenSSH\;C:\Program Files\NVIDIA Corporation\NVIDIA NvDLISR;C:\Program Files\Microsoft VS Code\bin;C:\Program Files\Java\jdk1.8.0_111\bin;C:\Users\Feri Winarta\AppData\Local\Microsoft\WindowsApps;
USERNAME=Feri Winarta
OS=Windows_NT
PROCESSOR_IDENTIFIER=Intel64 Family 6 Model 142 Stepping 10, GenuineIntel



---------------  S Y S T E M  ---------------

OS: Windows 10.0 , 64 bit Build 19041 (10.0.19041.292)

CPU:total 8 (4 cores per cpu, 2 threads per core) family 6 model 142 stepping 10, cmov, cx8, fxsr, mmx, sse, sse2, sse3, ssse3, sse4.1, sse4.2, popcnt, avx, avx2, aes, clmul, erms, 3dnowpref, lzcnt, ht, tsc, tscinvbit, bmi1, bmi2, adx

Memory: 4k page, physical 4078220k(110436k free), swap 16661132k(3784k free)

vm_info: Java HotSpot(TM) 64-Bit Server VM (25.111-b14) for windows-amd64 JRE (1.8.0_111-b14), built on Sep 22 2016 19:24:05 by "java_re" with MS VC++ 10.0 (VS2010)

time: Fri Sep 25 01:09:58 2020
elapsed time: 55 seconds (0d 0h 0m 55s)

