#
# There is insufficient memory for the Java Runtime Environment to continue.
# Native memory allocation (malloc) failed to allocate 1048576 bytes for AllocateHeap
# Possible reasons:
#   The system is out of physical RAM or swap space
#   In 32 bit mode, the process size limit was hit
# Possible solutions:
#   Reduce memory load on the system
#   Increase physical memory or swap space
#   Check if swap backing store is full
#   Use 64 bit Java on a 64 bit OS
#   Decrease Java heap size (-Xmx/-Xms)
#   Decrease number of Java threads
#   Decrease Java thread stack sizes (-Xss)
#   Set larger code cache with -XX:ReservedCodeCacheSize=
# This output file may be truncated or incomplete.
#
#  Out of Memory Error (memory/allocation.inline.hpp:61), pid=19128, tid=0x00000000000055e4
#
# JRE version:  (8.0_111-b14) (build )
# Java VM: Java HotSpot(TM) 64-Bit Server VM (25.111-b14 mixed mode windows-amd64 compressed oops)
# Failed to write core dump. Minidumps are not enabled by default on client versions of Windows
#

---------------  T H R E A D  ---------------

Current thread (0x000000000094e000):  JavaThread "Unknown thread" [_thread_in_vm, id=21988, stack(0x00000000022e0000,0x00000000023e0000)]

Stack: [0x00000000022e0000,0x00000000023e0000]
[error occurred during error reporting (printing stack bounds), id 0xc0000005]

Native frames: (J=compiled Java code, j=interpreted, Vv=VM code, C=native code)


---------------  P R O C E S S  ---------------

Java Threads: ( => current thread )

Other Threads:

=>0x000000000094e000 (exited) JavaThread "Unknown thread" [_thread_in_vm, id=21988, stack(0x00000000022e0000,0x00000000023e0000)]

VM state:not at safepoint (normal execution)

VM Mutex/Monitor currently owned by a thread: None

Heap:
 PSYoungGen      total 18944K, used 327K [0x00000000eb400000, 0x00000000ec900000, 0x0000000100000000)
  eden space 16384K, 2% used [0x00000000eb400000,0x00000000eb451ec8,0x00000000ec400000)
  from space 2560K, 0% used [0x00000000ec680000,0x00000000ec680000,0x00000000ec900000)
  to   space 2560K, 0% used [0x00000000ec400000,0x00000000ec400000,0x00000000ec680000)
 ParOldGen       total 44032K, used 0K [0x00000000c1c00000, 0x00000000c4700000, 0x00000000eb400000)
  object space 44032K, 0% used [0x00000000c1c00000,0x00000000c1c00000,0x00000000c4700000)
 Metaspace       used 770K, capacity 4480K, committed 4480K, reserved 1056768K
  class space    used 75K, capacity 384K, committed 384K, reserved 1048576K

Card table byte_map: [0x00000000118a0000,0x0000000011aa0000] byte_map_base: 0x0000000011292000

Marking Bits: (ParMarkBitMap*) 0x000000005c5ca6c0
 Begin Bits: [0x00000000123f0000, 0x0000000013380000)
 End Bits:   [0x0000000013380000, 0x0000000014310000)

Polling page: 0x00000000009a0000

CodeCache: size=245760Kb used=328Kb max_used=328Kb free=245431Kb
 bounds [0x00000000024e0000, 0x0000000002750000, 0x00000000114e0000]
 total_blobs=58 nmethods=0 adapters=38
 compilation: enabled

Compilation events (0 events):
No events

GC Heap History (0 events):
No events

Deoptimization events (0 events):
No events

Internal exceptions (0 events):
No events

Events (10 events):
Event: 22.407 loading class java/lang/Short
Event: 22.408 loading class java/lang/Short done
Event: 22.408 loading class java/lang/Integer
Event: 22.408 loading class java/lang/Integer done
Event: 22.408 loading class java/lang/Long
Event: 22.409 loading class java/lang/Long done
Event: 23.629 loading class java/lang/NullPointerException
Event: 23.630 loading class java/lang/NullPointerException done
Event: 23.630 loading class java/lang/ArithmeticException
Event: 23.630 loading class java/lang/ArithmeticException done


Dynamic libraries:
0x00007ff7e6110000 - 0x00007ff7e6147000 	C:\Program Files\Java\jdk1.8.0_111\bin\java.exe
0x00007ffca3610000 - 0x00007ffca3805000 	C:\WINDOWS\SYSTEM32\ntdll.dll
0x00007ffca25f0000 - 0x00007ffca26ad000 	C:\WINDOWS\System32\KERNEL32.DLL
0x00007ffca10e0000 - 0x00007ffca13a7000 	C:\WINDOWS\System32\KERNELBASE.dll
0x00007ffca1c70000 - 0x00007ffca1d1a000 	C:\WINDOWS\System32\ADVAPI32.dll
0x00007ffca32f0000 - 0x00007ffca338e000 	C:\WINDOWS\System32\msvcrt.dll
0x00007ffca3250000 - 0x00007ffca32eb000 	C:\WINDOWS\System32\sechost.dll
0x00007ffca3390000 - 0x00007ffca34b4000 	C:\WINDOWS\System32\RPCRT4.dll
0x00007ffca30a0000 - 0x00007ffca3240000 	C:\WINDOWS\System32\USER32.dll
0x00007ffca1640000 - 0x00007ffca1662000 	C:\WINDOWS\System32\win32u.dll
0x00007ffca35a0000 - 0x00007ffca35ca000 	C:\WINDOWS\System32\GDI32.dll
0x00007ffca0d50000 - 0x00007ffca0e59000 	C:\WINDOWS\System32\gdi32full.dll
0x00007ffca0e60000 - 0x00007ffca0efd000 	C:\WINDOWS\System32\msvcp_win.dll
0x00007ffca1540000 - 0x00007ffca1640000 	C:\WINDOWS\System32\ucrtbase.dll
0x00007ffc88570000 - 0x00007ffc8880b000 	C:\WINDOWS\WinSxS\amd64_microsoft.windows.common-controls_6595b64144ccf1df_6.0.19041.488_none_ca04af081b815d21\COMCTL32.dll
0x00007ffca3570000 - 0x00007ffca35a0000 	C:\WINDOWS\System32\IMM32.DLL
0x000000005e630000 - 0x000000005e702000 	C:\Program Files\Java\jdk1.8.0_111\jre\bin\msvcr100.dll
0x000000005bdb0000 - 0x000000005c64a000 	C:\Program Files\Java\jdk1.8.0_111\jre\bin\server\jvm.dll
0x00007ffca2490000 - 0x00007ffca2498000 	C:\WINDOWS\System32\PSAPI.DLL
0x00007ffc8e6a0000 - 0x00007ffc8e6c7000 	C:\WINDOWS\SYSTEM32\WINMM.dll
0x00007ffc8c540000 - 0x00007ffc8c549000 	C:\WINDOWS\SYSTEM32\WSOCK32.dll
0x00007ffca24a0000 - 0x00007ffca250b000 	C:\WINDOWS\System32\WS2_32.dll
0x00007ffc9acf0000 - 0x00007ffc9acfa000 	C:\WINDOWS\SYSTEM32\VERSION.dll
0x000000005e5e0000 - 0x000000005e5ef000 	C:\Program Files\Java\jdk1.8.0_111\jre\bin\verify.dll
0x000000005e5b0000 - 0x000000005e5d9000 	C:\Program Files\Java\jdk1.8.0_111\jre\bin\java.dll
0x000000005e590000 - 0x000000005e5a6000 	C:\Program Files\Java\jdk1.8.0_111\jre\bin\zip.dll

VM Arguments:
jvm_args: -Dclassworlds.conf=C:\Program Files\NetBeans-12.0\netbeans\java\maven\bin\..\bin\m2.conf -Dmaven.home=C:\Program Files\NetBeans-12.0\netbeans\java\maven\bin\.. -Dlibrary.jansi.path=C:\Program Files\NetBeans-12.0\netbeans\java\maven\bin\..\lib\jansi-native -Dmaven.multiModuleProjectDirectory=D:\KULIAH\Algoritma\Tugas\tugas02 
java_command: org.codehaus.plexus.classworlds.launcher.Launcher -Dmaven.ext.class.path=C:\Users\Feri Winarta\AppData\Roaming\NetBeans\12.0\maven-nblib\netbeans-eventspy.jar -Dfile.encoding=UTF-8 install
java_class_path (initial): C:\Program Files\NetBeans-12.0\netbeans\java\maven\bin\..\boot\plexus-classworlds-2.6.0.jar
Launcher Type: SUN_STANDARD

Environment Variables:
JAVA_HOME=C:\Program Files\Java\jdk1.8.0_111
PATH=C:\Program Files (x86)\Common Files\Oracle\Java\javapath;C:\ProgramData\Oracle\Java\javapath;C:\Program Files (x86)\Common Files\Intel\Shared Files\cpp\bin\Intel64;C:\Program Files (x86)\Intel\iCLS Client\;C:\Program Files\Intel\iCLS Client\;C:\Windows\system32;C:\Windows;C:\Windows\System32\Wbem;C:\Windows\System32\WindowsPowerShell\v1.0\;C:\Program Files (x86)\Intel\Intel(R) Management Engine Components\DAL;C:\Program Files\Intel\Intel(R) Management Engine Components\DAL;C:\Program Files (x86)\Intel\Intel(R) Management Engine Components\IPT;C:\Program Files\Intel\Intel(R) Management Engine Components\IPT;C:\Program Files (x86)\NVIDIA Corporation\PhysX\Common;C:\WINDOWS\system32;C:\WINDOWS;C:\WINDOWS\System32\Wbem;C:\WINDOWS\System32\WindowsPowerShell\v1.0\;C:\WINDOWS\System32\OpenSSH\;C:\Program Files\NVIDIA Corporation\NVIDIA NvDLISR;C:\Program Files\Microsoft VS Code\bin;C:\Program Files\Java\jdk1.8.0_111\bin;C:\Users\Feri Winarta\AppData\Local\Microsoft\WindowsApps;
USERNAME=Feri Winarta
OS=Windows_NT
PROCESSOR_IDENTIFIER=Intel64 Family 6 Model 142 Stepping 10, GenuineIntel



---------------  S Y S T E M  ---------------

OS: Windows 10.0 , 64 bit Build 19041 (10.0.19041.292)

CPU:total 8 (4 cores per cpu, 2 threads per core) family 6 model 142 stepping 10, cmov, cx8, fxsr, mmx, sse, sse2, sse3, ssse3, sse4.1, sse4.2, popcnt, avx, avx2, aes, clmul, erms, 3dnowpref, lzcnt, ht, tsc, tscinvbit, bmi1, bmi2, adx

Memory: 4k page, physical 4078220k(59992k free), swap 16661132k(176912k free)

vm_info: Java HotSpot(TM) 64-Bit Server VM (25.111-b14) for windows-amd64 JRE (1.8.0_111-b14), built on Sep 22 2016 19:24:05 by "java_re" with MS VC++ 10.0 (VS2010)

time: Thu Sep 24 23:01:29 2020
elapsed time: 27 seconds (0d 0h 0m 27s)

